AndroidApp/app/build/intermediates/manifest_merge_blame_file/debug/manifest-merger-blame-debug-report.txt
1<?xml version="1.0" encoding="utf-8"?>
2<manifest xmlns:android="http://schemas.android.com/apk/res/android"
3    package="com.example.app"
4    android:versionCode="1"
5    android:versionName="1.0" >
6
7    <uses-sdk
8        android:minSdkVersion="21"
8-->src\main\AndroidManifest.xml
9        android:targetSdkVersion="33" />
9-->src\main\AndroidManifest.xml
10
11    <uses-permission android:name="android.permission.INTERNET" />
11-->src\main\AndroidManifest.xml:4:5-67
11-->src\main\AndroidManifest.xml:4:22-64
12    <uses-permission android:name="android.permission.ACCESS_NETWORK_STATE" />
12-->src\main\AndroidManifest.xml:5:5-79
12-->src\main\AndroidManifest.xml:5:22-76
13    <uses-permission
13-->src\main\AndroidManifest.xml:6:5-107
14        android:name="android.permission.READ_EXTERNAL_STORAGE"
14-->src\main\AndroidManifest.xml:6:22-77
15        android:maxSdkVersion="32" />
15-->src\main\AndroidManifest.xml:6:78-104
16    <uses-permission android:name="android.permission.READ_MEDIA_IMAGES" />
16-->src\main\AndroidManifest.xml:7:5-76
16-->src\main\AndroidManifest.xml:7:22-73
17
18    <permission
18-->[androidx.core:core:1.9.0] AndroidManifest.xml:22:5-24:47
19        android:name="com.example.app.DYNAMIC_RECEIVER_NOT_EXPORTED_PERMISSION"
19-->[androidx.core:core:1.9.0] AndroidManifest.xml:23:9-81
20        android:protectionLevel="signature" />
20-->[androidx.core:core:1.9.0] AndroidManifest.xml:24:9-44
21
22    <uses-permission android:name="com.example.app.DYNAMIC_RECEIVER_NOT_EXPORTED_PERMISSION" />
22-->[androidx.core:core:1.9.0] AndroidManifest.xml:26:5-97
22-->[androidx.core:core:1.9.0] AndroidManifest.xml:26:22-94
23
24    <application
24-->src\main\AndroidManifest.xml:9:5-71:19
25        android:name="com.example.app.SchoolApp"
25-->src\main\AndroidManifest.xml:10:9-34
26        android:allowBackup="true"
26-->src\main\AndroidManifest.xml:11:9-35
27        android:appComponentFactory="androidx.core.app.CoreComponentFactory"
27-->[androidx.core:core:1.9.0] AndroidManifest.xml:28:18-86
28        android:debuggable="true"
29        android:icon="@mipmap/ic_launcher"
29-->src\main\AndroidManifest.xml:12:9-43
30        android:label="@string/app_name"
30-->src\main\AndroidManifest.xml:13:9-41
31        android:roundIcon="@mipmap/ic_launcher_round"
31-->src\main\AndroidManifest.xml:14:9-54
32        android:supportsRtl="true"
32-->src\main\AndroidManifest.xml:15:9-35
33        android:testOnly="true"
34        android:theme="@style/Theme.SchoolManagement"
34-->src\main\AndroidManifest.xml:16:9-54
35        android:usesCleartextTraffic="true" >
35-->src\main\AndroidManifest.xml:17:9-44
36        <activity
36-->src\main\AndroidManifest.xml:19:9-26:20
37            android:name="com.example.app.activities.LoginActivity"
37-->src\main\AndroidManifest.xml:20:13-53
38            android:exported="true" >
38-->src\main\AndroidManifest.xml:21:13-36
39            <intent-filter>
39-->src\main\AndroidManifest.xml:22:13-25:29
40                <action android:name="android.intent.action.MAIN" />
40-->src\main\AndroidManifest.xml:23:17-69
40-->src\main\AndroidManifest.xml:23:25-66
41
42                <category android:name="android.intent.category.LAUNCHER" />
42-->src\main\AndroidManifest.xml:24:17-77
42-->src\main\AndroidManifest.xml:24:27-74
43            </intent-filter>
44        </activity>
45        <activity android:name="com.example.app.activities.HomeActivity" />
45-->src\main\AndroidManifest.xml:28:9-61
45-->src\main\AndroidManifest.xml:28:19-58
46        <activity android:name="com.example.app.activities.NewsActivity" />
46-->src\main\AndroidManifest.xml:29:9-61
46-->src\main\AndroidManifest.xml:29:19-58
47        <activity android:name="com.example.app.activities.ScheduleActivity" />
47-->src\main\AndroidManifest.xml:30:9-65
47-->src\main\AndroidManifest.xml:30:19-62
48        <activity android:name="com.example.app.activities.AttendanceActivity" />
48-->src\main\AndroidManifest.xml:31:9-67
48-->src\main\AndroidManifest.xml:31:19-64
49        <activity android:name="com.example.app.activities.ProfileActivity" />
49-->src\main\AndroidManifest.xml:32:9-64
49-->src\main\AndroidManifest.xml:32:19-61
50        <activity android:name="com.example.app.activities.ReportActivity" />
50-->src\main\AndroidManifest.xml:33:9-63
50-->src\main\AndroidManifest.xml:33:19-60
51        <activity android:name="com.example.app.activities.ContactListActivity" />
51-->src\main\AndroidManifest.xml:34:9-68
51-->src\main\AndroidManifest.xml:34:19-65
52        <activity android:name="com.example.app.activities.ChatActivity" />
52-->src\main\AndroidManifest.xml:35:9-61
52-->src\main\AndroidManifest.xml:35:19-58
53        <activity android:name="com.example.app.activities.NotificationActivity" />
53-->src\main\AndroidManifest.xml:36:9-69
53-->src\main\AndroidManifest.xml:36:19-66
54        <activity android:name="com.example.app.activities.CreateNotificationActivity" />
54-->src\main\AndroidManifest.xml:37:9-75
54-->src\main\AndroidManifest.xml:37:19-72
55        <activity android:name="com.example.app.activities.AdminDashboardActivity" />
55-->src\main\AndroidManifest.xml:38:9-71
55-->src\main\AndroidManifest.xml:38:19-68
56        <activity android:name="com.example.app.activities.AdminProfileActivity" />
56-->src\main\AndroidManifest.xml:39:9-69
56-->src\main\AndroidManifest.xml:39:19-66
57        <activity android:name="com.example.app.activities.TeacherProfileActivity" />
57-->src\main\AndroidManifest.xml:40:9-71
57-->src\main\AndroidManifest.xml:40:19-68
58        <activity android:name="com.example.app.activities.TeacherScheduleActivity" />
58-->src\main\AndroidManifest.xml:41:9-72
58-->src\main\AndroidManifest.xml:41:19-69
59        <activity android:name="com.example.app.activities.AdminBannerEditActivity" />
59-->src\main\AndroidManifest.xml:42:9-72
59-->src\main\AndroidManifest.xml:42:19-69
60        <activity android:name="com.example.app.activities.AdminScheduleActivity" />
60-->src\main\AndroidManifest.xml:43:9-70
60-->src\main\AndroidManifest.xml:43:19-67
61        <activity android:name="com.example.app.activities.ScoreEntryActivity" />
61-->src\main\AndroidManifest.xml:44:9-67
61-->src\main\AndroidManifest.xml:44:19-64
62        <activity android:name="com.example.app.activities.ConductEntryActivity" />
62-->src\main\AndroidManifest.xml:45:9-69
62-->src\main\AndroidManifest.xml:45:19-66
63        <activity android:name="com.example.app.activities.ManageClassRequestActivity" />
63-->src\main\AndroidManifest.xml:46:9-75
63-->src\main\AndroidManifest.xml:46:19-72
64        <activity android:name="com.example.app.activities.AdminRequestListActivity" />
64-->src\main\AndroidManifest.xml:47:9-73
64-->src\main\AndroidManifest.xml:47:19-70
65        <activity android:name="com.example.app.activities.StudentOnboardingActivity" />
65-->src\main\AndroidManifest.xml:48:9-74
65-->src\main\AndroidManifest.xml:48:19-71
66        <activity android:name="com.example.app.activities.StudentProfileActivity" />
66-->src\main\AndroidManifest.xml:49:9-71
66-->src\main\AndroidManifest.xml:49:19-68
67        <activity android:name="com.example.app.activities.ParentProfileActivity" />
67-->src\main\AndroidManifest.xml:50:9-70
67-->src\main\AndroidManifest.xml:50:19-67
68        <activity android:name="com.example.app.activities.ViolationActivity" />
68-->src\main\AndroidManifest.xml:51:9-66
68-->src\main\AndroidManifest.xml:51:19-63
69        <activity android:name="com.example.app.activities.ParentOtpActivity" />
69-->src\main\AndroidManifest.xml:52:9-66
69-->src\main\AndroidManifest.xml:52:19-63
70        <activity android:name="com.example.app.activities.AdminSearchActivity" />
70-->src\main\AndroidManifest.xml:53:9-68
70-->src\main\AndroidManifest.xml:53:19-65
71        <activity android:name="com.example.app.activities.AdminUserListActivity" />
71-->src\main\AndroidManifest.xml:54:9-70
71-->src\main\AndroidManifest.xml:54:19-67
72        <activity android:name="com.example.app.activities.StudentHomeActivity" />
72-->src\main\AndroidManifest.xml:55:9-68
72-->src\main\AndroidManifest.xml:55:19-65
73        <activity android:name="com.example.app.activities.TeacherHomeActivity" />
73-->src\main\AndroidManifest.xml:56:9-68
73-->src\main\AndroidManifest.xml:56:19-65
74        <activity android:name="com.example.app.activities.AdminHomeActivity" />
74-->src\main\AndroidManifest.xml:57:9-66
74-->src\main\AndroidManifest.xml:57:19-63
75        <activity android:name="com.example.app.activities.ParentHomeActivity" />
75-->src\main\AndroidManifest.xml:58:9-67
75-->src\main\AndroidManifest.xml:58:19-64
76        <activity android:name="com.example.app.activities.AdminBannerActivity" />
76-->src\main\AndroidManifest.xml:59:9-68
76-->src\main\AndroidManifest.xml:59:19-65
77        <activity android:name="com.example.app.activities.AdminViolationStatsActivity" />
77-->src\main\AndroidManifest.xml:60:9-76
77-->src\main\AndroidManifest.xml:60:19-73
78        <activity android:name="com.example.app.activities.AdminRankingActivity" />
78-->src\main\AndroidManifest.xml:61:9-69
78-->src\main\AndroidManifest.xml:61:19-66
79        <activity android:name="com.example.app.activities.AdminUserEditActivity" />
79-->src\main\AndroidManifest.xml:62:9-70
79-->src\main\AndroidManifest.xml:62:19-67
80        <activity
80-->src\main\AndroidManifest.xml:63:9-65:78
81            android:name="com.example.app.activities.ImageImportActivity"
81-->src\main\AndroidManifest.xml:63:19-65
82            android:label="Import Ảnh"
82-->src\main\AndroidManifest.xml:64:13-39
83            android:parentActivityName="com.example.app.activities.AdminDashboardActivity" />
83-->src\main\AndroidManifest.xml:65:13-76
84        <activity android:name="com.example.app.activities.AdminRedCommitteeActivity" />
84-->src\main\AndroidManifest.xml:66:9-89
84-->src\main\AndroidManifest.xml:66:19-86
85        <activity android:name="com.example.app.activities.TeacherRedCommitteeActivity" />
85-->src\main\AndroidManifest.xml:67:9-91
85-->src\main\AndroidManifest.xml:67:19-88
86        <activity android:name="com.example.app.activities.TeacherStudentManagerActivity" />
86-->src\main\AndroidManifest.xml:68:9-78
86-->src\main\AndroidManifest.xml:68:19-75
87        <activity android:name="com.example.app.activities.TeacherStudentRankingActivity" />
87-->src\main\AndroidManifest.xml:69:9-78
87-->src\main\AndroidManifest.xml:69:19-75
88
89        <provider
89-->[androidx.emoji2:emoji2:1.2.0] AndroidManifest.xml:24:9-32:20
90            android:name="androidx.startup.InitializationProvider"
90-->[androidx.emoji2:emoji2:1.2.0] AndroidManifest.xml:25:13-67
91            android:authorities="com.example.app.androidx-startup"
91-->[androidx.emoji2:emoji2:1.2.0] AndroidManifest.xml:26:13-68
92            android:exported="false" >
92-->[androidx.emoji2:emoji2:1.2.0] AndroidManifest.xml:27:13-37
93            <meta-data
93-->[androidx.emoji2:emoji2:1.2.0] AndroidManifest.xml:29:13-31:52
94                android:name="androidx.emoji2.text.EmojiCompatInitializer"
94-->[androidx.emoji2:emoji2:1.2.0] AndroidManifest.xml:30:17-75
95                android:value="androidx.startup" />
95-->[androidx.emoji2:emoji2:1.2.0] AndroidManifest.xml:31:17-49
96            <meta-data
96-->[androidx.lifecycle:lifecycle-process:2.4.1] AndroidManifest.xml:31:13-33:52
97                android:name="androidx.lifecycle.ProcessLifecycleInitializer"
97-->[androidx.lifecycle:lifecycle-process:2.4.1] AndroidManifest.xml:32:17-78
98                android:value="androidx.startup" />
98-->[androidx.lifecycle:lifecycle-process:2.4.1] AndroidManifest.xml:33:17-49
99        </provider>
100    </application>
101
102</manifest>